This is pdfTeX, Version 3.141592653-2.6-1.40.24 (MiKTeX 21.12) (preloaded format=pdflatex 2022.3.6)  17 MAY 2022 22:42
entering extended mode
 restricted \write18 enabled.
 %&-line parsing enabled.
**./main.tex
(main.tex
LaTeX2e <2021-11-15> patch level 1
L3 programming layer <2021-11-22>
(C:\Users\Ja\AppData\Local\Programs\MiKTeX\tex/latex/base\book.cls
Document Class: book 2021/10/04 v1.4n Standard LaTeX document class
(C:\Users\Ja\AppData\Local\Programs\MiKTeX\tex/latex/base\bk10.clo
File: bk10.clo 2021/10/04 v1.4n Standard LaTeX file (size option)
)
\c@part=\count183
\c@chapter=\count184
\c@section=\count185
\c@subsection=\count186
\c@subsubsection=\count187
\c@paragraph=\count188
\c@subparagraph=\count189
\c@figure=\count190
\c@table=\count191
\abovecaptionskip=\skip47
\belowcaptionskip=\skip48
\bibindent=\dimen138
) (main.sty
Package: main 2015/07/01 package <main>

(C:\Users\Ja\AppData\Local\Programs\MiKTeX\tex/latex/base\inputenc.sty
Package: inputenc 2021/02/14 v1.3d Input encoding file
\inpenc@prehook=\toks16
\inpenc@posthook=\toks17
)
(C:\Users\Ja\AppData\Local\Programs\MiKTeX\tex/latex/base\fontenc.sty
Package: fontenc 2021/04/29 v2.0v Standard LaTeX package
)
(C:\Users\Ja\AppData\Local\Programs\MiKTeX\tex/latex/psnfss\courier.sty
Package: courier 2020/03/25 PSNFSS-v9.3 (WaS) 
)
(C:\Users\Ja\AppData\Local\Programs\MiKTeX\tex/latex/psnfss\mathptmx.sty
Package: mathptmx 2020/03/25 PSNFSS-v9.3 Times w/ Math, improved (SPQR, WaS) 
LaTeX Font Info:    Redeclaring symbol font `operators' on input line 28.
LaTeX Font Info:    Overwriting symbol font `operators' in version `normal'
(Font)                  OT1/cmr/m/n --> OT1/ztmcm/m/n on input line 28.
LaTeX Font Info:    Overwriting symbol font `operators' in version `bold'
(Font)                  OT1/cmr/bx/n --> OT1/ztmcm/m/n on input line 28.
LaTeX Font Info:    Redeclaring symbol font `letters' on input line 29.
LaTeX Font Info:    Overwriting symbol font `letters' in version `normal'
(Font)                  OML/cmm/m/it --> OML/ztmcm/m/it on input line 29.
LaTeX Font Info:    Overwriting symbol font `letters' in version `bold'
(Font)                  OML/cmm/b/it --> OML/ztmcm/m/it on input line 29.
LaTeX Font Info:    Redeclaring symbol font `symbols' on input line 30.
LaTeX Font Info:    Overwriting symbol font `symbols' in version `normal'
(Font)                  OMS/cmsy/m/n --> OMS/ztmcm/m/n on input line 30.
LaTeX Font Info:    Overwriting symbol font `symbols' in version `bold'
(Font)                  OMS/cmsy/b/n --> OMS/ztmcm/m/n on input line 30.
LaTeX Font Info:    Redeclaring symbol font `largesymbols' on input line 31.
LaTeX Font Info:    Overwriting symbol font `largesymbols' in version `normal'
(Font)                  OMX/cmex/m/n --> OMX/ztmcm/m/n on input line 31.
LaTeX Font Info:    Overwriting symbol font `largesymbols' in version `bold'
(Font)                  OMX/cmex/m/n --> OMX/ztmcm/m/n on input line 31.
\symbold=\mathgroup4
\symitalic=\mathgroup5
LaTeX Font Info:    Redeclaring math alphabet \mathbf on input line 34.
LaTeX Font Info:    Overwriting math alphabet `\mathbf' in version `normal'
(Font)                  OT1/cmr/bx/n --> OT1/ptm/bx/n on input line 34.
LaTeX Font Info:    Overwriting math alphabet `\mathbf' in version `bold'
(Font)                  OT1/cmr/bx/n --> OT1/ptm/bx/n on input line 34.
LaTeX Font Info:    Redeclaring math alphabet \mathit on input line 35.
LaTeX Font Info:    Overwriting math alphabet `\mathit' in version `normal'
(Font)                  OT1/cmr/m/it --> OT1/ptm/m/it on input line 35.
LaTeX Font Info:    Overwriting math alphabet `\mathit' in version `bold'
(Font)                  OT1/cmr/bx/it --> OT1/ptm/m/it on input line 35.
LaTeX Info: Redefining \hbar on input line 50.
)
(C:\Users\Ja\AppData\Local\Programs\MiKTeX\tex/latex/graphics\graphicx.sty
Package: graphicx 2021/09/16 v1.2d Enhanced LaTeX Graphics (DPC,SPQR)

(C:\Users\Ja\AppData\Local\Programs\MiKTeX\tex/latex/graphics\keyval.sty
Package: keyval 2014/10/28 v1.15 key=value parser (DPC)
\KV@toks@=\toks18
)
(C:\Users\Ja\AppData\Local\Programs\MiKTeX\tex/latex/graphics\graphics.sty
Package: graphics 2021/03/04 v1.4d Standard LaTeX Graphics (DPC,SPQR)

(C:\Users\Ja\AppData\Local\Programs\MiKTeX\tex/latex/graphics\trig.sty
Package: trig 2021/08/11 v1.11 sin cos tan (DPC)
)
(C:\Users\Ja\AppData\Local\Programs\MiKTeX\tex/latex/graphics-cfg\graphics.cfg
File: graphics.cfg 2016/06/04 v1.11 sample graphics configuration
)
Package graphics Info: Driver file: pdftex.def on input line 107.
(C:\Users\Ja\AppData\Local\Programs\MiKTeX\tex/latex/graphics-def\pdftex.def
File: pdftex.def 2020/10/05 v1.2a Graphics/color driver for pdftex
))
\Gin@req@height=\dimen139
\Gin@req@width=\dimen140
) (C:\Users\Ja\AppData\Local\Programs\MiKTeX\tex/latex/enumitem\enumitem.sty
Package: enumitem 2019/06/20 v3.9 Customized lists
\labelindent=\skip49
\enit@outerparindent=\dimen141
\enit@toks=\toks19
\enit@inbox=\box50
\enit@count@id=\count192
\enitdp@description=\count193
)
(C:\Users\Ja\AppData\Local\Programs\MiKTeX\tex/latex/tools\indentfirst.sty
Package: indentfirst 1995/11/23 v1.03 Indent first paragraph (DPC)
)
(C:\Users\Ja\AppData\Local\Programs\MiKTeX\tex/latex/etoolbox\etoolbox.sty
Package: etoolbox 2020/10/05 v2.5k e-TeX tools for LaTeX (JAW)
\etb@tempcnta=\count194
)
(C:\Users\Ja\AppData\Local\Programs\MiKTeX\tex/latex/amsmath\amsmath.sty
Package: amsmath 2021/10/15 v2.17l AMS math features
\@mathmargin=\skip50

For additional information on amsmath, use the `?' option.
(C:\Users\Ja\AppData\Local\Programs\MiKTeX\tex/latex/amsmath\amstext.sty
Package: amstext 2021/08/26 v2.01 AMS text

(C:\Users\Ja\AppData\Local\Programs\MiKTeX\tex/latex/amsmath\amsgen.sty
File: amsgen.sty 1999/11/30 v2.0 generic functions
\@emptytoks=\toks20
\ex@=\dimen142
))
(C:\Users\Ja\AppData\Local\Programs\MiKTeX\tex/latex/amsmath\amsbsy.sty
Package: amsbsy 1999/11/29 v1.2d Bold Symbols
\pmbraise@=\dimen143
)
(C:\Users\Ja\AppData\Local\Programs\MiKTeX\tex/latex/amsmath\amsopn.sty
Package: amsopn 2021/08/26 v2.02 operator names
)
\inf@bad=\count195
LaTeX Info: Redefining \frac on input line 234.
\uproot@=\count196
\leftroot@=\count197
LaTeX Info: Redefining \overline on input line 399.
\classnum@=\count198
\DOTSCASE@=\count199
LaTeX Info: Redefining \ldots on input line 496.
LaTeX Info: Redefining \dots on input line 499.
LaTeX Info: Redefining \cdots on input line 620.
\Mathstrutbox@=\box51
\strutbox@=\box52
\big@size=\dimen144
LaTeX Font Info:    Redeclaring font encoding OML on input line 743.
LaTeX Font Info:    Redeclaring font encoding OMS on input line 744.
\macc@depth=\count266
\c@MaxMatrixCols=\count267
\dotsspace@=\muskip16
\c@parentequation=\count268
\dspbrk@lvl=\count269
\tag@help=\toks21
\row@=\count270
\column@=\count271
\maxfields@=\count272
\andhelp@=\toks22
\eqnshift@=\dimen145
\alignsep@=\dimen146
\tagshift@=\dimen147
\tagwidth@=\dimen148
\totwidth@=\dimen149
\lineht@=\dimen150
\@envbody=\toks23
\multlinegap=\skip51
\multlinetaggap=\skip52
\mathdisplay@stack=\toks24
LaTeX Info: Redefining \[ on input line 2938.
LaTeX Info: Redefining \] on input line 2939.
)
(C:\Users\Ja\AppData\Local\Programs\MiKTeX\tex/latex/amscls\amsthm.sty
Package: amsthm 2020/05/29 v2.20.6
\thm@style=\toks25
\thm@bodyfont=\toks26
\thm@headfont=\toks27
\thm@notefont=\toks28
\thm@headpunct=\toks29
\thm@preskip=\skip53
\thm@postskip=\skip54
\thm@headsep=\skip55
\dth@everypar=\toks30
)
(C:\Users\Ja\AppData\Local\Programs\MiKTeX\tex/latex/amsfonts\amssymb.sty
Package: amssymb 2013/01/14 v3.01 AMS font symbols

(C:\Users\Ja\AppData\Local\Programs\MiKTeX\tex/latex/amsfonts\amsfonts.sty
Package: amsfonts 2013/01/14 v3.01 Basic AMSFonts support
\symAMSa=\mathgroup6
\symAMSb=\mathgroup7
LaTeX Font Info:    Overwriting math alphabet `\mathfrak' in version `bold'
(Font)                  U/euf/m/n --> U/euf/b/n on input line 106.
))
(C:\Users\Ja\AppData\Local\Programs\MiKTeX\tex/latex/graphics\color.sty
Package: color 2021/10/11 v1.3b Standard LaTeX Color (DPC)

(C:\Users\Ja\AppData\Local\Programs\MiKTeX\tex/latex/graphics-cfg\color.cfg
File: color.cfg 2016/01/02 v1.6 sample color configuration
)
Package color Info: Driver file: pdftex.def on input line 149.
)
(C:\Users\Ja\AppData\Local\Programs\MiKTeX\tex/latex/listings\listings.sty
\lst@mode=\count273
\lst@gtempboxa=\box53
\lst@token=\toks31
\lst@length=\count274
\lst@currlwidth=\dimen151
\lst@column=\count275
\lst@pos=\count276
\lst@lostspace=\dimen152
\lst@width=\dimen153
\lst@newlines=\count277
\lst@lineno=\count278
\lst@maxwidth=\dimen154

(C:\Users\Ja\AppData\Local\Programs\MiKTeX\tex/latex/listings\lstmisc.sty
File: lstmisc.sty 2020/03/24 1.8d (Carsten Heinz)
\c@lstnumber=\count279
\lst@skipnumbers=\count280
\lst@framebox=\box54
)
(C:\Users\Ja\AppData\Local\Programs\MiKTeX\tex/latex/listings\listings.cfg
File: listings.cfg 2020/03/24 1.8d listings configuration
))
Package: listings 2020/03/24 1.8d (Carsten Heinz)

(C:\Users\Ja\AppData\Local\Programs\MiKTeX\tex/latex/geometry\geometry.sty
Package: geometry 2020/01/02 v5.9 Page Geometry

(C:\Users\Ja\AppData\Local\Programs\MiKTeX\tex/generic/iftex\ifvtex.sty
Package: ifvtex 2019/10/25 v1.7 ifvtex legacy package. Use iftex instead.

(C:\Users\Ja\AppData\Local\Programs\MiKTeX\tex/generic/iftex\iftex.sty
Package: iftex 2020/03/06 v1.0d TeX engine tests
))
\Gm@cnth=\count281
\Gm@cntv=\count282
\c@Gm@tempcnt=\count283
\Gm@bindingoffset=\dimen155
\Gm@wd@mp=\dimen156
\Gm@odd@mp=\dimen157
\Gm@even@mp=\dimen158
\Gm@layoutwidth=\dimen159
\Gm@layoutheight=\dimen160
\Gm@layouthoffset=\dimen161
\Gm@layoutvoffset=\dimen162
\Gm@dimlist=\toks32

(C:\Users\Ja\AppData\Local\Programs\MiKTeX\tex/latex/geometry\geometry.cfg))
(C:\Users\Ja\AppData\Local\Programs\MiKTeX\tex/latex/tools\bm.sty
Package: bm 2021/04/25 v1.2e Bold Symbol Support (DPC/FMi)
Package bm Info: No bold for \OT1/ztmcm/m/n, using \pmb.
Package bm Info: No bold for \OML/ztmcm/m/it, using \pmb.
Package bm Info: No bold for \OMS/ztmcm/m/n, using \pmb.
Package bm Info: No bold for \OMX/ztmcm/m/n, using \pmb.
Package bm Info: No bold for \OT1/ptm/bx/n, using \pmb.
Package bm Info: No bold for \OT1/ptm/m/it, using \pmb.
Package bm Info: No bold for \U/msa/m/n, using \pmb.
Package bm Info: No bold for \U/msb/m/n, using \pmb.
)
\mylen=\skip56

(C:\Users\Ja\AppData\Local\Programs\MiKTeX\tex/latex/titlesec\titlesec.sty
Package: titlesec 2021/07/05 v2.14 Sectioning titles
\ttl@box=\box55
\beforetitleunit=\skip57
\aftertitleunit=\skip58
\ttl@plus=\dimen163
\ttl@minus=\dimen164
\ttl@toksa=\toks33
\titlewidth=\dimen165
\titlewidthlast=\dimen166
\titlewidthfirst=\dimen167
))
(C:\Users\Ja\AppData\Local\Programs\MiKTeX\tex/latex/subfiles\subfiles.sty
Package: subfiles 2020/11/14 v2.2 Multi-file projects (package)

(C:\Users\Ja\AppData\Local\Programs\MiKTeX\tex/latex/import\import.sty
Package: import 2020/04/01  v 6.2
))
(C:\Users\Ja\AppData\Local\Programs\MiKTeX\tex/latex/float\float.sty
Package: float 2001/11/08 v1.3d Float enhancements (AL)
\c@float@type=\count284
\float@exts=\toks34
\float@box=\box56
\@float@everytoks=\toks35
\@floatcapt=\box57
)
(C:\Users\Ja\AppData\Local\Programs\MiKTeX\tex/latex/wrapfig\wrapfig.sty
\wrapoverhang=\dimen168
\WF@size=\dimen169
\c@WF@wrappedlines=\count285
\WF@box=\box58
\WF@everypar=\toks36
Package: wrapfig 2003/01/31  v 3.6
)
LaTeX Font Info:    Trying to load font information for T1+ptm on input line 11
.

(C:\Users\Ja\AppData\Local\Programs\MiKTeX\tex/latex/psnfss\t1ptm.fd
File: t1ptm.fd 2001/06/04 font definitions for T1/ptm.
)
(C:\Users\Ja\AppData\Local\Programs\MiKTeX\tex/latex/l3backend\l3backend-pdftex
.def
File: l3backend-pdftex.def 2021-10-18 L3 backend support: PDF output (pdfTeX)
\l__color_backend_stack_int=\count286
\l__pdf_internal_box=\box59
) (main.aux

LaTeX Warning: Label `pfig:ch13_1' multiply defined.


LaTeX Warning: Label `pfig:ch13_1' multiply defined.


LaTeX Warning: Label `pfig:ch13_1' multiply defined.


LaTeX Warning: Label `pfig:ch13_8' multiply defined.


LaTeX Warning: Label `pfig:ch13_8' multiply defined.


LaTeX Warning: Label `pfig:ch13_8' multiply defined.


LaTeX Warning: Label `pfig:ch13_8' multiply defined.


LaTeX Warning: Label `pfig:ch13_8' multiply defined.


LaTeX Warning: Label `pfig:ch13_8' multiply defined.


LaTeX Warning: Label `pfig:ch13_8' multiply defined.


LaTeX Warning: Label `pfig:ch13_8' multiply defined.


LaTeX Warning: Label `pfig:ch13_17' multiply defined.


LaTeX Warning: Label `pfig:ch13_17' multiply defined.

)
\openout1 = `main.aux'.

LaTeX Font Info:    Checking defaults for OML/cmm/m/it on input line 11.
LaTeX Font Info:    ... okay on input line 11.
LaTeX Font Info:    Checking defaults for OMS/cmsy/m/n on input line 11.
LaTeX Font Info:    ... okay on input line 11.
LaTeX Font Info:    Checking defaults for OT1/cmr/m/n on input line 11.
LaTeX Font Info:    ... okay on input line 11.
LaTeX Font Info:    Checking defaults for T1/cmr/m/n on input line 11.
LaTeX Font Info:    ... okay on input line 11.
LaTeX Font Info:    Checking defaults for TS1/cmr/m/n on input line 11.
LaTeX Font Info:    ... okay on input line 11.
LaTeX Font Info:    Checking defaults for OMX/cmex/m/n on input line 11.
LaTeX Font Info:    ... okay on input line 11.
LaTeX Font Info:    Checking defaults for U/cmr/m/n on input line 11.
LaTeX Font Info:    ... okay on input line 11.

(C:\Users\Ja\AppData\Local\Programs\MiKTeX\tex/context/base/mkii\supp-pdf.mkii
[Loading MPS to PDF converter (version 2006.09.02).]
\scratchcounter=\count287
\scratchdimen=\dimen170
\scratchbox=\box60
\nofMPsegments=\count288
\nofMParguments=\count289
\everyMPshowfont=\toks37
\MPscratchCnt=\count290
\MPscratchDim=\dimen171
\MPnumerator=\count291
\makeMPintoPDFobject=\count292
\everyMPtoPDFconversion=\toks38
)
(C:\Users\Ja\AppData\Local\Programs\MiKTeX\tex/latex/epstopdf-pkg\epstopdf-base
.sty
Package: epstopdf-base 2020-01-24 v2.11 Base part for package epstopdf
Package epstopdf-base Info: Redefining graphics rule for `.eps' on input line 4
85.

(C:\Users\Ja\AppData\Local\Programs\MiKTeX\tex/latex/00miktex\epstopdf-sys.cfg
File: epstopdf-sys.cfg 2021/03/18 v2.0 Configuration of epstopdf for MiKTeX
))
\c@lstlisting=\count293

*geometry* driver: auto-detecting
*geometry* detected driver: pdftex
*geometry* verbose mode - [ preamble ] result:
* driver: pdftex
* paper: a4paper
* layout: <same size as paper>
* layoutoffset:(h,v)=(0.0pt,0.0pt)
* modes: twoside 
* h-part:(L,W,R)=(56.9055pt, 483.69687pt, 56.9055pt)
* v-part:(T,H,B)=(56.9055pt, 759.6886pt, 28.45274pt)
* \paperwidth=597.50787pt
* \paperheight=845.04684pt
* \textwidth=483.69687pt
* \textheight=759.6886pt
* \oddsidemargin=-15.36449pt
* \evensidemargin=-15.36449pt
* \topmargin=-45.43198pt
* \headheight=12.0pt
* \headsep=18.06749pt
* \topskip=10.0pt
* \footskip=33.0053pt
* \marginparwidth=125.0pt
* \marginparsep=7.0pt
* \columnsep=10.0pt
* \skip\footins=9.0pt plus 4.0pt minus 2.0pt
* \hoffset=0.0pt
* \voffset=0.0pt
* \mag=1000
* \@twocolumnfalse
* \@twosidetrue
* \@mparswitchtrue
* \@reversemarginfalse
* (1in=72.27pt=25.4mm, 1cm=28.453pt)

(main.toc
LaTeX Font Info:    Trying to load font information for OT1+ztmcm on input line
 1.

(C:\Users\Ja\AppData\Local\Programs\MiKTeX\tex/latex/psnfss\ot1ztmcm.fd
File: ot1ztmcm.fd 2000/01/03 Fontinst v1.801 font definitions for OT1/ztmcm.
)
LaTeX Font Info:    Trying to load font information for OML+ztmcm on input line
 1.

(C:\Users\Ja\AppData\Local\Programs\MiKTeX\tex/latex/psnfss\omlztmcm.fd
File: omlztmcm.fd 2000/01/03 Fontinst v1.801 font definitions for OML/ztmcm.
)
LaTeX Font Info:    Trying to load font information for OMS+ztmcm on input line
 1.

(C:\Users\Ja\AppData\Local\Programs\MiKTeX\tex/latex/psnfss\omsztmcm.fd
File: omsztmcm.fd 2000/01/03 Fontinst v1.801 font definitions for OMS/ztmcm.
)
LaTeX Font Info:    Trying to load font information for OMX+ztmcm on input line
 1.

(C:\Users\Ja\AppData\Local\Programs\MiKTeX\tex/latex/psnfss\omxztmcm.fd
File: omxztmcm.fd 2000/01/03 Fontinst v1.801 font definitions for OMX/ztmcm.
)
LaTeX Font Info:    Trying to load font information for OT1+ptm on input line 1
.

(C:\Users\Ja\AppData\Local\Programs\MiKTeX\tex/latex/psnfss\ot1ptm.fd
File: ot1ptm.fd 2001/06/04 font definitions for OT1/ptm.
)
LaTeX Font Info:    Font shape `OT1/ptm/bx/n' in size <10> not available
(Font)              Font shape `OT1/ptm/b/n' tried instead on input line 1.
LaTeX Font Info:    Font shape `OT1/ptm/bx/n' in size <7.4> not available
(Font)              Font shape `OT1/ptm/b/n' tried instead on input line 1.
LaTeX Font Info:    Font shape `OT1/ptm/bx/n' in size <6> not available
(Font)              Font shape `OT1/ptm/b/n' tried instead on input line 1.
)
\tf@toc=\write3
\openout3 = `main.toc'.


(projekt.tex
Underfull \hbox (badness 10000) in paragraph at lines 9--22

 []


Underfull \hbox (badness 10000) in paragraph at lines 9--22

 []

LaTeX Font Info:    Trying to load font information for T1+pcr on input line 22
.
(C:\Users\Ja\AppData\Local\Programs\MiKTeX\tex/latex/psnfss\t1pcr.fd
File: t1pcr.fd 2001/06/04 font definitions for T1/pcr.
)
Underfull \hbox (badness 10000) in paragraph at lines 37--45

 []


Underfull \hbox (badness 10000) in paragraph at lines 65--72

 []

[1


{C:/Users/Ja/AppData/Local/MiKTeX/fonts/map/pdftex/pdftex.map}]
<./images//1.png, id=16, 528.47438pt x 407.27156pt>
File: ./images//1.png Graphic file (type png)
<use ./images//1.png>
Package pdftex.def Info: ./images//1.png  used on input line 87.
(pdftex.def)             Requested size: 338.58632pt x 260.93256pt.
LaTeX Font Info:    Trying to load font information for T1+cmss on input line 9
1.

(C:\Users\Ja\AppData\Local\Programs\MiKTeX\tex/latex/base\t1cmss.fd
File: t1cmss.fd 2019/12/16 v2.5j Standard LaTeX font definitions
)
Underfull \hbox (badness 1132) in paragraph at lines 91--91
[]\T1/ptm/m/n/10 Figure 1: \T1/cmss/m/n/10 : (a) (up-per left) The De-lau-nay t
ri-an-gu-la-tion ob-tained from a set of nodes in the an-nu-lar
 []

<./images//2.png, id=18, 527.72156pt x 164.86594pt>
File: ./images//2.png Graphic file (type png)
<use ./images//2.png>
Package pdftex.def Info: ./images//2.png  used on input line 112.
(pdftex.def)             Requested size: 338.58632pt x 105.77795pt.
[2 <./images//1.png> <./images//2.png>]
<./images//3.png, id=26, 176.15813pt x 179.92218pt>
File: ./images//3.png Graphic file (type png)
<use ./images//3.png>
Package pdftex.def Info: ./images//3.png  used on input line 150.
(pdftex.def)             Requested size: 193.47578pt x 197.61026pt.

Underfull \hbox (badness 10000) in paragraph at lines 136--192

 []


Underfull \hbox (badness 10000) in paragraph at lines 136--192

 []


Underfull \hbox (badness 10000) in paragraph at lines 136--192

 []


Underfull \hbox (badness 10000) in paragraph at lines 136--192

 []

[3 <./images//3.png>]
<./images//4.png, id=31, 319.1925pt x 280.04625pt>
File: ./images//4.png Graphic file (type png)
<use ./images//4.png>
Package pdftex.def Info: ./images//4.png  used on input line 211.
(pdftex.def)             Requested size: 435.32422pt x 381.93895pt.

Underfull \hbox (badness 10000) in paragraph at lines 220--232

 []

[4 <./images//4.png>] [5]
Overfull \hbox (20.97037pt too wide) in paragraph at lines 325--337
[]$\OT1/ztmcm/m/n/10 ([])$ \T1/ptm/m/n/10 Since any poly-gon can be de-com-pose
d into con-vex pieces, the pro-gram \T1/pcr/m/n/10 unipolytri
 []


Underfull \hbox (badness 10000) in paragraph at lines 341--354

 []

<./images//5.png, id=39, 528.47438pt x 87.32625pt>
File: ./images//5.png Graphic file (type png)
<use ./images//5.png>
Package pdftex.def Info: ./images//5.png  used on input line 357.
(pdftex.def)             Requested size: 435.32422pt x 71.93443pt.
[6 <./images//5.png>]
<./images//6.png, id=44, 490.83376pt x 233.37187pt>
File: ./images//6.png Graphic file (type png)
<use ./images//6.png>
Package pdftex.def Info: ./images//6.png  used on input line 440.
(pdftex.def)             Requested size: 435.32422pt x 206.98454pt.
LaTeX Font Info:    Font shape `OT1/ptm/bx/n' in size <8> not available
(Font)              Font shape `OT1/ptm/b/n' tried instead on input line 461.
LaTeX Font Info:    Font shape `OT1/ptm/bx/n' in size <5> not available
(Font)              Font shape `OT1/ptm/b/n' tried instead on input line 461.
<./images//7.png, id=45, 420.82219pt x 184.43906pt>
File: ./images//7.png Graphic file (type png)
<use ./images//7.png>
Package pdftex.def Info: ./images//7.png  used on input line 463.
(pdftex.def)             Requested size: 435.32422pt x 190.79893pt.
 [7 <./images//6.png>]
Underfull \hbox (badness 10000) in paragraph at lines 492--499

 []


Underfull \hbox (badness 10000) in paragraph at lines 511--515

 []

[8 <./images//7.png>]
<./images//8.png, id=55, 486.31688pt x 180.675pt>
File: ./images//8.png Graphic file (type png)
<use ./images//8.png>
Package pdftex.def Info: ./images//8.png  used on input line 529.
(pdftex.def)             Requested size: 435.32422pt x 161.7293pt.
<./images//9.png, id=56, 494.59781pt x 246.9225pt>
File: ./images//9.png Graphic file (type png)
<use ./images//9.png>
Package pdftex.def Info: ./images//9.png  used on input line 548.
(pdftex.def)             Requested size: 435.32422pt x 217.33012pt.
 [9 <./images//8.png>]
Underfull \hbox (badness 10000) in paragraph at lines 571--575

 []

[10 <./images//9.png>]
<./images//10.png, id=65, 485.56406pt x 207.77625pt>
File: ./images//10.png Graphic file (type png)
<use ./images//10.png>
Package pdftex.def Info: ./images//10.png  used on input line 597.
(pdftex.def)             Requested size: 435.32422pt x 186.27719pt.
<./images//11.png, id=66, 491.58656pt x 178.41656pt>
File: ./images//11.png Graphic file (type png)
<use ./images//11.png>
Package pdftex.def Info: ./images//11.png  used on input line 604.
(pdftex.def)             Requested size: 435.32422pt x 158.00345pt.

Overfull \hbox (55.86026pt too wide) in paragraph at lines 602--607
\T1/ptm/m/n/10 stan-dard el-e-ment $[]$ that has ver-tices $\OML/ztmcm/m/it/10 
v[] \OT1/ztmcm/m/n/10 = (1\OML/ztmcm/m/it/10 ; \OT1/ztmcm/m/n/10 0)$\T1/ptm/m/n
/10 , $\OML/ztmcm/m/it/10 v[] \OT1/ztmcm/m/n/10 = (0\OML/ztmcm/m/it/10 ; \OT1/z
tmcm/m/n/10 1)$\T1/ptm/m/n/10 , [] $\OML/ztmcm/m/it/10 v[] \OT1/ztmcm/m/n/10 = 
(0\OML/ztmcm/m/it/10 ; \OT1/ztmcm/m/n/10 0)$ [] 
 []


Underfull \hbox (badness 10000) in paragraph at lines 608--613

 []

<./images//12.png, id=67, 495.35063pt x 210.7875pt>
File: ./images//12.png Graphic file (type png)
<use ./images//12.png>
Package pdftex.def Info: ./images//12.png  used on input line 637.
(pdftex.def)             Requested size: 435.32422pt x 185.24591pt.
[11 <./images//10.png> <./images//11.png>]
Underfull \hbox (badness 10000) in paragraph at lines 641--649

 []


Underfull \hbox (badness 10000) in paragraph at lines 641--649

 []

<./images//13.png, id=73, 489.32813pt x 202.50656pt>
File: ./images//13.png Graphic file (type png)
<use ./images//13.png>
Package pdftex.def Info: ./images//13.png  used on input line 659.
(pdftex.def)             Requested size: 435.32422pt x 180.16226pt.

Underfull \hbox (badness 10000) in paragraph at lines 663--670

 []

[12 <./images//12.png> <./images//13.png>]
<./images//14.png, id=79, 538.26094pt x 169.38281pt>
File: ./images//14.png Graphic file (type png)
<use ./images//14.png>
Package pdftex.def Info: ./images//14.png  used on input line 694.
(pdftex.def)             Requested size: 435.32422pt x 136.99254pt.

Underfull \hbox (badness 10000) in paragraph at lines 698--709

 []

[13 <./images//14.png>]
Overfull \hbox (1.82762pt too wide) in paragraph at lines 721--721
|[] \T1/ptm/b/sc/16 THE FI-NITE EL-E-MENT METHOD FOR EL-LIP-TIC PDE'S
 []


Underfull \hbox (badness 10000) in paragraph at lines 736--742

 []

[14]
Underfull \hbox (badness 10000) in paragraph at lines 750--769

 []


Overfull \hbox (4.73795pt too wide) in paragraph at lines 750--769
\T1/ptm/m/n/10 Analogous to the one-dimensional method pre-sented in Sec-tion 1
0.5, the FEM will solve a cor-re-spond-ing finite-dimensional
 []


Underfull \hbox (badness 10000) in paragraph at lines 750--769

 []


Underfull \hbox (badness 10000) in paragraph at lines 750--769

 []


Underfull \hbox (badness 10000) in paragraph at lines 769--774

 []


Underfull \hbox (badness 10000) in paragraph at lines 795--798

 []

[15]
Underfull \hbox (badness 10000) in paragraph at lines 799--822

 []


Underfull \hbox (badness 10000) in paragraph at lines 799--822

 []

<./images//15.png, id=93, 402.75468pt x 172.39406pt>
File: ./images//15.png Graphic file (type png)
<use ./images//15.png>
Package pdftex.def Info: ./images//15.png  used on input line 835.
(pdftex.def)             Requested size: 435.32422pt x 186.33537pt.

Underfull \hbox (badness 10000) in paragraph at lines 822--838

 []


Underfull \hbox (badness 10000) in paragraph at lines 822--838

 []


Underfull \vbox (badness 5756) has occurred while \output is active []

 [16]
Underfull \hbox (badness 10000) in paragraph at lines 839--846

 []


Underfull \hbox (badness 10000) in paragraph at lines 855--863

 []


Underfull \hbox (badness 10000) in paragraph at lines 855--863

 []


Underfull \hbox (badness 10000) in paragraph at lines 883--888

 []

<./images//16.png, id=97, 269.50688pt x 237.13594pt>
File: ./images//16.png Graphic file (type png)
<use ./images//16.png>
Package pdftex.def Info: ./images//16.png  used on input line 900.
(pdftex.def)             Requested size: 145.11053pt x 127.6824pt.

Underfull \hbox (badness 10000) in paragraph at lines 894--903

 []

[17 <./images//15.png>]
Underfull \hbox (badness 10000) in paragraph at lines 931--934

 []


Underfull \hbox (badness 10000) in paragraph at lines 957--959

 []


Underfull \hbox (badness 10000) in paragraph at lines 981--987

 []


Underfull \hbox (badness 10000) in paragraph at lines 981--987

 []

[18 <./images//16.png>] [19]
Underfull \hbox (badness 10000) in paragraph at lines 1088--1091

 []


Underfull \hbox (badness 10000) in paragraph at lines 1105--1108

 []


Underfull \hbox (badness 10000) in paragraph at lines 1151--1154

 []

<./images//17.png, id=110, 439.6425pt x 222.8325pt>
File: ./images//17.png Graphic file (type png)
<use ./images//17.png>
Package pdftex.def Info: ./images//17.png  used on input line 1201.
(pdftex.def)             Requested size: 483.69687pt x 245.16751pt.

Underfull \hbox (badness 10000) in paragraph at lines 1188--1204

 []


Underfull \vbox (badness 10000) has occurred while \output is active []

 [20]
<./images//18.png, id=114, 159.59625pt x 195.73125pt>
File: ./images//18.png Graphic file (type png)
<use ./images//18.png>
Package pdftex.def Info: ./images//18.png  used on input line 1214.
(pdftex.def)             Requested size: 169.29684pt x 207.62943pt.

Underfull \hbox (badness 10000) in paragraph at lines 1205--1217

 []


Underfull \hbox (badness 10000) in paragraph at lines 1205--1217

 []


Underfull \hbox (badness 10000) in paragraph at lines 1218--1223

 []


Overfull \hbox (4.90474pt too wide) in paragraph at lines 1218--1223
\T1/ptm/m/n/10 the cir-cle $\OML/ztmcm/m/it/10 x[] \OT1/ztmcm/m/n/10 + \OML/ztm
cm/m/it/10 y[] \OT1/ztmcm/m/n/10 = \OML/ztmcm/m/it/10 R[]\OT1/ztmcm/m/n/10 (\OM
L/ztmcm/m/it/10 $ \T1/ptm/m/n/10 is the po-lar co-or-di-nate an-gle $\OT1/ztmc
m/m/n/10 )$\T1/ptm/m/n/10 . If $\OT1/ztmcm/m/n/10 
$ \T1/ptm/m/n/10 is the disk in-side this cir-cle, $\OT1/ztmcm/m/n/10 
 =$ $[]$\T1/ptm/m/n/10 ,
 []


Underfull \vbox (badness 5161) has occurred while \output is active []

 [21 <./images//17.png> <./images//18.png>]
Underfull \hbox (badness 10000) in paragraph at lines 1232--1274

 []


Underfull \hbox (badness 10000) in paragraph at lines 1232--1274

 []


Underfull \hbox (badness 10000) in paragraph at lines 1232--1274

 []


Underfull \vbox (badness 2035) has occurred while \output is active []

 [22]
Underfull \hbox (badness 10000) in paragraph at lines 1306--1344

 []


Underfull \hbox (badness 10000) in paragraph at lines 1306--1344

 []


Underfull \hbox (badness 10000) in paragraph at lines 1306--1344

 []


Underfull \hbox (badness 10000) in paragraph at lines 1306--1344

 []


Underfull \hbox (badness 10000) in paragraph at lines 1306--1344

 []


Underfull \hbox (badness 10000) in paragraph at lines 1306--1344

 []


Underfull \hbox (badness 10000) in paragraph at lines 1306--1344

 []


Underfull \hbox (badness 10000) in paragraph at lines 1306--1344

 []

<./images//20.png, id=124, 513.41812pt x 214.55156pt>
File: ./images//20.png Graphic file (type png)
<use ./images//20.png>
Package pdftex.def Info: ./images//20.png  used on input line 1351.
(pdftex.def)             Requested size: 435.32422pt x 181.9179pt.
[23]
Underfull \hbox (badness 10000) in paragraph at lines 1355--1383

 []


Underfull \hbox (badness 10000) in paragraph at lines 1355--1383

 []


Underfull \hbox (badness 10000) in paragraph at lines 1355--1383

 []


Underfull \hbox (badness 10000) in paragraph at lines 1355--1383

 []


Underfull \hbox (badness 10000) in paragraph at lines 1355--1383

 []


Underfull \hbox (badness 10000) in paragraph at lines 1355--1383

 []


Underfull \hbox (badness 10000) in paragraph at lines 1355--1383

 []


Underfull \hbox (badness 10000) in paragraph at lines 1355--1383

 []


Underfull \hbox (badness 10000) in paragraph at lines 1355--1383

 []


Overfull \hbox (5.94298pt too wide) in paragraph at lines 1409--1441
\OML/ztmcm/m/it/10 >>$ \T1/pcr/m/n/10 funnew $\OML/ztmcm/m/it/10 Z \OT1/ztmcm/m
/n/10 =$ \T1/pcr/m/n/10 vectorize (inline ( [char (funprep 2$\OT1/ztmcm/m/n/10 
)\OML/ztmcm/m/it/10 ;[] \OMS/ztmcm/m/n/10 $ \T1/pcr/m/n/10 ones $\OT1/ztmcm/m/
n/10 ($ \T1/pcr/m/n/10 size (u) $\OT1/ztmcm/m/n/10 )[]]\OML/ztmcm/m/it/10 ; []$
 $[]u[]; \OT1/ztmcm/m/n/10 (\OML/ztmcm/m/it/10 x\OT1/ztmcm/m/n/10 +))$\T1/pcr/m
/n/10 ; 
 []


Underfull \hbox (badness 10000) in paragraph at lines 1409--1441

 []


Underfull \hbox (badness 10000) in paragraph at lines 1409--1441

 []


Underfull \hbox (badness 10000) in paragraph at lines 1409--1441

 []


Underfull \hbox (badness 10000) in paragraph at lines 1409--1441

 []


Underfull \hbox (badness 10000) in paragraph at lines 1409--1441

 []


Underfull \hbox (badness 10000) in paragraph at lines 1409--1441

 []


Underfull \hbox (badness 10000) in paragraph at lines 1409--1441

 []

[24 <./images//20.png>]
Underfull \hbox (badness 10000) in paragraph at lines 1442--1449

 []


Underfull \hbox (badness 10000) in paragraph at lines 1442--1449

 []


Underfull \hbox (badness 10000) in paragraph at lines 1442--1449

 []


Underfull \hbox (badness 10000) in paragraph at lines 1442--1449

 []


Underfull \hbox (badness 10000) in paragraph at lines 1450--1493

 []


Underfull \hbox (badness 10000) in paragraph at lines 1450--1493

 []


Underfull \hbox (badness 10000) in paragraph at lines 1450--1493

 []


Underfull \hbox (badness 10000) in paragraph at lines 1450--1493

 []


Underfull \hbox (badness 10000) in paragraph at lines 1450--1493

 []


Underfull \hbox (badness 10000) in paragraph at lines 1450--1493

 []


Underfull \hbox (badness 10000) in paragraph at lines 1450--1493

 []


Underfull \hbox (badness 10000) in paragraph at lines 1450--1493

 []


Underfull \vbox (badness 2293) has occurred while \output is active []

 [25]
<./images//21.png, id=136, 411.78844pt x 167.87718pt>
File: ./images//21.png Graphic file (type png)
<use ./images//21.png>
Package pdftex.def Info: ./images//21.png  used on input line 1509.
(pdftex.def)             Requested size: 435.32422pt x 177.4725pt.

Underfull \hbox (badness 10000) in paragraph at lines 1498--1512

 []


Underfull \hbox (badness 10000) in paragraph at lines 1498--1512

 []


Underfull \hbox (badness 10000) in paragraph at lines 1513--1540

 []


Underfull \hbox (badness 10000) in paragraph at lines 1513--1540

 []


Underfull \hbox (badness 10000) in paragraph at lines 1513--1540

 []


Underfull \hbox (badness 10000) in paragraph at lines 1513--1540

 []


Underfull \hbox (badness 10000) in paragraph at lines 1513--1540

 []


Underfull \hbox (badness 10000) in paragraph at lines 1513--1540

 []

[26 <./images//21.png>]
Underfull \hbox (badness 10000) in paragraph at lines 1547--1555

 []


Underfull \hbox (badness 10000) in paragraph at lines 1547--1555

 []


Underfull \hbox (badness 10000) in paragraph at lines 1547--1555

 []


Underfull \hbox (badness 10000) in paragraph at lines 1568--1572

 []


Underfull \hbox (badness 10000) in paragraph at lines 1580--1585

 []


Underfull \hbox (badness 10000) in paragraph at lines 1591--1596

 []


Underfull \hbox (badness 10000) in paragraph at lines 1605--1622

 []


Underfull \hbox (badness 10000) in paragraph at lines 1605--1622

 []


Underfull \hbox (badness 10000) in paragraph at lines 1605--1622

 []

[27]
Underfull \hbox (badness 10000) in paragraph at lines 1635--1638

 []


Underfull \hbox (badness 10000) in paragraph at lines 1659--1665

 []


Underfull \hbox (badness 10000) in paragraph at lines 1684--1693

 []


Underfull \hbox (badness 10000) in paragraph at lines 1698--1706

 []


Overfull \hbox (15.76909pt too wide) in paragraph at lines 1707--1708
[] \T1/pcr/m/n/10 fun = sym(intgrad (i, :) *bdygrad (j,:)') ; % integrand for p
art of (16ell) 
 []

[28]
<./images//22.png, id=147, 439.6425pt x 215.30438pt>
File: ./images//22.png Graphic file (type png)
<use ./images//22.png>
Package pdftex.def Info: ./images//22.png  used on input line 1731.
(pdftex.def)             Requested size: 435.32422pt x 213.19469pt.

Underfull \hbox (badness 10000) in paragraph at lines 1715--1734

 []


Underfull \hbox (badness 10000) in paragraph at lines 1715--1734

 []


Underfull \hbox (badness 10000) in paragraph at lines 1715--1734

 []


Underfull \hbox (badness 10000) in paragraph at lines 1735--1742

 []

<./images//23.png, id=148, 470.50781pt x 213.04594pt>
File: ./images//23.png Graphic file (type png)
<use ./images//23.png>
Package pdftex.def Info: ./images//23.png  used on input line 1776.
(pdftex.def)             Requested size: 435.32422pt x 197.11641pt.

Underfull \hbox (badness 10000) in paragraph at lines 1751--1779

 []


Underfull \hbox (badness 10000) in paragraph at lines 1751--1779

 []


Underfull \hbox (badness 10000) in paragraph at lines 1751--1779

 []


Underfull \hbox (badness 10000) in paragraph at lines 1751--1779

 []

[29 <./images//22.png>]
Underfull \hbox (badness 10000) in paragraph at lines 1780--1796

 []


Underfull \hbox (badness 10000) in paragraph at lines 1780--1796

 []


Underfull \hbox (badness 10000) in paragraph at lines 1780--1796

 []


Overfull \hbox (0.705pt too wide) in paragraph at lines 1798--1800
\T1/ptm/m/n/10 where the \T1/ptm/b/n/10 weights $\OML/ztmcm/m/it/10 w[]; w[]; [
]  ; w[]$ \T1/ptm/m/n/10 are spec-i-fied real num-bers and the \T1/ptm/b/n/10 s
am-pling points $\OML/ztmcm/m/it/10 [] \OT1/ztmcm/m/n/10 = [] \OML/ztmcm/m/it/
10 ;  [] \OT1/ztmcm/m/n/10 = [] \OML/ztmcm/m/it/10 ;  [] \OT1/ztmcm/m/n/10 =
 []

[30 <./images//23.png>]
Underfull \hbox (badness 10000) in paragraph at lines 1806--1811

 []


Underfull \hbox (badness 10000) in paragraph at lines 1814--1820

 []


Underfull \hbox (badness 10000) in paragraph at lines 1822--1825

 []


Underfull \hbox (badness 10000) in paragraph at lines 1826--1830

 []

<./images//24.png, id=157, 467.49657pt x 238.64156pt>
File: ./images//24.png Graphic file (type png)
<use ./images//24.png>
Package pdftex.def Info: ./images//24.png  used on input line 1846.
(pdftex.def)             Requested size: 435.32422pt x 222.2293pt.
[31]
<./images//25.png, id=162, 472.76625pt x 228.10219pt>
File: ./images//25.png Graphic file (type png)
<use ./images//25.png>
Package pdftex.def Info: ./images//25.png  used on input line 1851.
(pdftex.def)             Requested size: 435.32422pt x 210.041pt.
<./images//26.png, id=163, 467.49657pt x 194.97844pt>
File: ./images//26.png Graphic file (type png)
<use ./images//26.png>
Package pdftex.def Info: ./images//26.png  used on input line 1864.
(pdftex.def)             Requested size: 435.32422pt x 181.56905pt.

Underfull \hbox (badness 10000) in paragraph at lines 1855--1867

 []

<./images//27.png, id=164, 339.51843pt x 195.73125pt>
File: ./images//27.png Graphic file (type png)
<use ./images//27.png>
Package pdftex.def Info: ./images//27.png  used on input line 1869.
(pdftex.def)             Requested size: 435.32422pt x 250.97415pt.

Underfull \vbox (badness 10000) has occurred while \output is active []

 [32 <./images//24.png> <./images//25.png>]
Underfull \hbox (badness 10000) in paragraph at lines 1873--1880

 []


Underfull \hbox (badness 10000) in paragraph at lines 1873--1880

 []


Underfull \hbox (badness 10000) in paragraph at lines 1886--1893

 []


Underfull \hbox (badness 10000) in paragraph at lines 1900--1921

 []


Overfull \hbox (4.73795pt too wide) in paragraph at lines 1900--1921
\T1/ptm/m/n/10 Analogous to the one-dimensional method pre-sented in Sec-tion 1
0.5, the FEM will solve a cor-re-spond-ing finite-dimensional
 []


Underfull \hbox (badness 10000) in paragraph at lines 1900--1921

 []


Underfull \hbox (badness 10000) in paragraph at lines 1900--1921

 []


Underfull \hbox (badness 10000) in paragraph at lines 1900--1921

 []


Underfull \hbox (badness 10000) in paragraph at lines 1900--1921

 []


Underfull \hbox (badness 10000) in paragraph at lines 1900--1921

 []

[33 <./images//26.png> <./images//27.png>]
Underfull \hbox (badness 10000) in paragraph at lines 1934--1939

 []

[34]
Underfull \hbox (badness 10000) in paragraph at lines 1963--1972

 []


Underfull \hbox (badness 10000) in paragraph at lines 1980--1993

 []


Underfull \hbox (badness 10000) in paragraph at lines 1980--1993

 []


Underfull \hbox (badness 10000) in paragraph at lines 1980--1993

 []


Underfull \hbox (badness 10000) in paragraph at lines 1995--1998

 []


Underfull \hbox (badness 10000) in paragraph at lines 2000--2013

 []


Underfull \hbox (badness 10000) in paragraph at lines 2000--2013

 []


Overfull \hbox (32.6032pt too wide) in paragraph at lines 2000--2013
\T1/pcr/m/n/10 >> bdyf= inline('x.*(10-x)') ; >> delta=sqrt(500/3/350); >> node
count=l; >> for i=l:10/delta
 []

[35]
Underfull \hbox (badness 10000) in paragraph at lines 2028--2040

 []


Underfull \hbox (badness 10000) in paragraph at lines 2028--2040

 []

<./images//28.png, id=181, 564.60938pt x 233.37187pt>
File: ./images//28.png Graphic file (type png)
<use ./images//28.png>
Package pdftex.def Info: ./images//28.png  used on input line 2104.
(pdftex.def)             Requested size: 435.32422pt x 179.93547pt.

Underfull \hbox (badness 10000) in paragraph at lines 2074--2107

 []


Underfull \hbox (badness 10000) in paragraph at lines 2074--2107

 []


Underfull \hbox (badness 10000) in paragraph at lines 2074--2107

 []


Underfull \hbox (badness 10000) in paragraph at lines 2074--2107

 []


Underfull \hbox (badness 10000) in paragraph at lines 2074--2107

 []

[36]
Underfull \hbox (badness 10000) in paragraph at lines 2108--2132

 []


Underfull \hbox (badness 10000) in paragraph at lines 2108--2132

 []


Underfull \hbox (badness 10000) in paragraph at lines 2108--2132

 []


Underfull \hbox (badness 10000) in paragraph at lines 2108--2132

 []


Underfull \hbox (badness 10000) in paragraph at lines 2108--2132

 []


Underfull \hbox (badness 10000) in paragraph at lines 2108--2132

 []


Underfull \hbox (badness 10000) in paragraph at lines 2108--2132

 []


Underfull \hbox (badness 10000) in paragraph at lines 2108--2132

 []


Underfull \hbox (badness 10000) in paragraph at lines 2138--2147

 []


Underfull \hbox (badness 10000) in paragraph at lines 2138--2147

 []


Overfull \hbox (71.66911pt too wide) in paragraph at lines 2150--2154
[] \T1/pcr/m/n/10 intnodes=nodes(find(nodes<=n)); %global interior/Robin node i
ndices % find coefficients
 []

[37 <./images//28.png>]
Underfull \hbox (badness 10000) in paragraph at lines 2177--2187

 []


Underfull \hbox (badness 10000) in paragraph at lines 2205--2212

 []


Underfull \hbox (badness 10000) in paragraph at lines 2237--2275

 []


Underfull \hbox (badness 10000) in paragraph at lines 2237--2275

 []


Overfull \hbox (16.20316pt too wide) in paragraph at lines 2237--2275
\T1/pcr/m/n/10 %The result is now easily plotted using the ' trimesh function o
f the %last section: 
 []


Underfull \hbox (badness 10000) in paragraph at lines 2237--2275

 []


Underfull \hbox (badness 10000) in paragraph at lines 2237--2275

 []


Underfull \hbox (badness 10000) in paragraph at lines 2237--2275

 []


Underfull \hbox (badness 10000) in paragraph at lines 2237--2275

 []

[38]
Underfull \hbox (badness 10000) in paragraph at lines 2276--2282

 []

<./images//29.png, id=193, 471.26062pt x 158.09062pt>
File: ./images//29.png Graphic file (type png)
<use ./images//29.png>
Package pdftex.def Info: ./images//29.png  used on input line 2302.
(pdftex.def)             Requested size: 435.32422pt x 146.03613pt.

Underfull \hbox (badness 10000) in paragraph at lines 2288--2305

 []


Underfull \hbox (badness 10000) in paragraph at lines 2288--2305

 []

<./images//30.png, id=194, 463.7325pt x 205.5178pt>
File: ./images//30.png Graphic file (type png)
<use ./images//30.png>
Package pdftex.def Info: ./images//30.png  used on input line 2311.
(pdftex.def)             Requested size: 435.32422pt x 192.93275pt.
<./images//31.png, id=195, 474.27188pt x 182.93344pt>
File: ./images//31.png Graphic file (type png)
<use ./images//31.png>
Package pdftex.def Info: ./images//31.png  used on input line 2330.
(pdftex.def)             Requested size: 435.32422pt x 167.91559pt.

Underfull \hbox (badness 10000) in paragraph at lines 2315--2333

 []

[39 <./images//29.png> <./images//30.png>]
Underfull \hbox (badness 10000) in paragraph at lines 2334--2346

 []

<./images//32.png, id=201, 211.54031pt x 197.98969pt>
File: ./images//32.png Graphic file (type png)
<use ./images//32.png>
Package pdftex.def Info: ./images//32.png  used on input line 2379.
(pdftex.def)             Requested size: 338.58632pt x 316.90778pt.
[40 <./images//31.png>] [41 <./images//32.png>] [42]
<./images//33.png, id=213, 505.13719pt x 182.18062pt>
File: ./images//33.png Graphic file (type png)
<use ./images//33.png>
Package pdftex.def Info: ./images//33.png  used on input line 2510.
(pdftex.def)             Requested size: 435.32422pt x 157.00307pt.

Underfull \hbox (badness 10000) in paragraph at lines 2514--2517

 []


Underfull \hbox (badness 10000) in paragraph at lines 2514--2517

 []

<./images//34.png, id=214, 246.9225pt x 232.61906pt>
File: ./images//34.png Graphic file (type png)
<use ./images//34.png>
Package pdftex.def Info: ./images//34.png  used on input line 2537.
(pdftex.def)             Requested size: 241.84843pt x 227.83733pt.

Underfull \vbox (badness 4353) has occurred while \output is active []

 [43 <./images//33.png>]
<./images//35.png, id=220, 253.69781pt x 253.69781pt>
File: ./images//35.png Graphic file (type png)
<use ./images//35.png>
Package pdftex.def Info: ./images//35.png  used on input line 2553.
(pdftex.def)             Requested size: 241.84843pt x 241.85545pt.
 [44 <./images//34.png> <./images//35.png>]
Underfull \hbox (badness 10000) in paragraph at lines 2569--2573

 []

<./images//36.png, id=226, 590.205pt x 146.79843pt>
File: ./images//36.png Graphic file (type png)
<use ./images//36.png>
Package pdftex.def Info: ./images//36.png  used on input line 2609.
(pdftex.def)             Requested size: 435.32422pt x 108.27745pt.
[45 <./images//36.png>]
<./images//37.png, id=231, 568.37344pt x 420.82219pt>
File: ./images//37.png Graphic file (type png)
<use ./images//37.png>
Package pdftex.def Info: ./images//37.png  used on input line 2625.
(pdftex.def)             Requested size: 435.32422pt x 322.32603pt.

Underfull \hbox (badness 10000) in paragraph at lines 2629--2653

 []


Underfull \hbox (badness 10000) in paragraph at lines 2629--2653

 []

[46 <./images//37.png>]
<./images//38.png, id=236, 534.49687pt x 171.64125pt>
File: ./images//38.png Graphic file (type png)
<use ./images//38.png>
Package pdftex.def Info: ./images//38.png  used on input line 2668.
(pdftex.def)             Requested size: 435.32422pt x 139.80124pt.
 [47]
<./images//39.png, id=240, 568.37344pt x 188.20313pt>
File: ./images//39.png Graphic file (type png)
<use ./images//39.png>
Package pdftex.def Info: ./images//39.png  used on input line 2680.
(pdftex.def)             Requested size: 435.32422pt x 144.15295pt.

Underfull \hbox (badness 10000) in paragraph at lines 2672--2683

 []


Underfull \hbox (badness 10000) in paragraph at lines 2672--2683

 []

[48 <./images//38.png> <./images//39.png>]
Underfull \hbox (badness 10000) in paragraph at lines 2691--2694

 []


Underfull \hbox (badness 10000) in paragraph at lines 2691--2694

 []


Underfull \hbox (badness 10000) in paragraph at lines 2706--2754

 []


Underfull \hbox (badness 10000) in paragraph at lines 2706--2754

 []


Underfull \hbox (badness 10000) in paragraph at lines 2706--2754

 []


Underfull \hbox (badness 10000) in paragraph at lines 2706--2754

 []


Underfull \hbox (badness 10000) in paragraph at lines 2706--2754

 []


Underfull \hbox (badness 10000) in paragraph at lines 2706--2754

 []


Underfull \hbox (badness 10000) in paragraph at lines 2706--2754

 []


Underfull \hbox (badness 10000) in paragraph at lines 2706--2754

 []

[49]
Underfull \hbox (badness 10000) in paragraph at lines 2756--2787

 []


Underfull \hbox (badness 10000) in paragraph at lines 2756--2787

 []


Underfull \hbox (badness 10000) in paragraph at lines 2756--2787

 []

) [50] (main.aux)

LaTeX Warning: There were multiply-defined labels.

 ) 
Here is how much of TeX's memory you used:
 7201 strings out of 478659
 107533 string characters out of 2847343
 541494 words of memory out of 3000000
 25142 multiletter control sequences out of 15000+600000
 483110 words of font info for 138 fonts, out of 8000000 for 9000
 1141 hyphenation exceptions out of 8191
 70i,14n,76p,1913b,1755s stack positions out of 5000i,500n,10000p,200000b,80000s
{C:/Users/Ja/AppData/Local/Programs/MiKTeX/fonts/enc/dvips/base/8r.enc} <C:\U
sers\Ja\AppData\Local\MiKTeX\fonts/pk/ljfour/jknappen/ec/dpi600\ecss1000.pk><C:
/Users/Ja/AppData/Local/Programs/MiKTeX/fonts/type1/public/amsfonts/cm/cmex10.p
fb><C:/Users/Ja/AppData/Local/Programs/MiKTeX/fonts/type1/public/amsfonts/cm/cm
mi10.pfb><C:/Users/Ja/AppData/Local/Programs/MiKTeX/fonts/type1/public/amsfonts
/cm/cmr10.pfb><C:/Users/Ja/AppData/Local/Programs/MiKTeX/fonts/type1/public/ams
fonts/cm/cmsy10.pfb><C:/Users/Ja/AppData/Local/Programs/MiKTeX/fonts/type1/publ
ic/amsfonts/symbols/msam10.pfb><C:/Users/Ja/AppData/Local/Programs/MiKTeX/fonts
/type1/public/amsfonts/symbols/msbm10.pfb><C:/Users/Ja/AppData/Local/Programs/M
iKTeX/fonts/type1/public/rsfs/rsfs10.pfb><C:/Users/Ja/AppData/Local/Programs/Mi
KTeX/fonts/type1/urw/courier/ucrb8a.pfb><C:/Users/Ja/AppData/Local/Programs/MiK
TeX/fonts/type1/urw/courier/ucrr8a.pfb><C:/Users/Ja/AppData/Local/Programs/MiKT
eX/fonts/type1/urw/symbol/usyr.pfb><C:/Users/Ja/AppData/Local/Programs/MiKTeX/f
onts/type1/urw/symbol/usyr.pfb><C:/Users/Ja/AppData/Local/Programs/MiKTeX/fonts
/type1/urw/times/utmb8a.pfb><C:/Users/Ja/AppData/Local/Programs/MiKTeX/fonts/ty
pe1/urw/times/utmr8a.pfb><C:/Users/Ja/AppData/Local/Programs/MiKTeX/fonts/type1
/urw/times/utmr8a.pfb><C:/Users/Ja/AppData/Local/Programs/MiKTeX/fonts/type1/ur
w/times/utmri8a.pfb>
Output written on main.pdf (50 pages, 2314293 bytes).
PDF statistics:
 364 PDF objects out of 1000 (max. 8388607)
 0 named destinations out of 1000 (max. 500000)
 191 words of extra memory for PDF output out of 10000 (max. 10000000)

